<?xml version="1.0" encoding="UTF-8"?>
<robot generator="Robot 7.4.1 (Python 3.13.5 on win32)" generated="2026-02-27T09:25:54.540326" rpa="false" schemaversion="5">
<suite id="s1" name="SAUCEDEMO feladatok" source="C:\Users\BarnaCsaba\Desktop\2260220\SAUCEDEMO_feladatok">
<suite id="s1-s1" name="Sorting" source="C:\Users\BarnaCsaba\Desktop\2260220\SAUCEDEMO_feladatok\sorting.robot">
<test id="s1-s1-t1" name="Sort products Z to A" line="7">
<kw name="Login with standard user" owner="loginkeywords">
<kw name="Open Browser" owner="SeleniumLibrary">
<msg time="2026-02-27T09:25:54.701578" level="INFO">Opening browser 'Firefox' to base url 'https://www.saucedemo.com/'.</msg>
<msg time="2026-02-27T09:25:54.960084" level="WARN">Error sending stats to Plausible: error sending request for url (https://plausible.io/api/event)</msg>
<arg>https://www.saucedemo.com/</arg>
<arg>Firefox</arg>
<doc>Opens a new browser instance to the optional ``url``.</doc>
<status status="PASS" start="2026-02-27T09:25:54.701357" elapsed="5.755913"/>
</kw>
<kw name="Input Text" owner="SeleniumLibrary">
<msg time="2026-02-27T09:26:00.457866" level="INFO">Typing text 'standard_user' into text field 'id=user-name'.</msg>
<arg>locator=id=user-name</arg>
<arg>text=standard_user</arg>
<doc>Types the given ``text`` into the text field identified by ``locator``.</doc>
<status status="PASS" start="2026-02-27T09:26:00.457478" elapsed="0.049784"/>
</kw>
<kw name="Input Password" owner="SeleniumLibrary">
<msg time="2026-02-27T09:26:00.507822" level="INFO">Typing password into text field 'id=password'.</msg>
<msg time="2026-02-27T09:26:00.511780" level="INFO">Temporally setting log level to: NONE</msg>
<arg>id=password</arg>
<arg>secret_sauce</arg>
<doc>Types the given password into the text field identified by ``locator``.</doc>
<status status="PASS" start="2026-02-27T09:26:00.507461" elapsed="0.017885"/>
</kw>
<kw name="Click Button" owner="SeleniumLibrary">
<msg time="2026-02-27T09:26:00.525751" level="INFO">Clicking button '//*[@id="login-button"]'.</msg>
<arg>//*[@id="login-button"]</arg>
<doc>Clicks the button identified by ``locator``.</doc>
<status status="PASS" start="2026-02-27T09:26:00.525517" elapsed="0.087968"/>
</kw>
<kw name="Sleep" owner="BuiltIn">
<msg time="2026-02-27T09:26:03.614910" level="INFO">Slept 3 seconds.</msg>
<arg>3s</arg>
<doc>Pauses the test executed for the given time.</doc>
<status status="PASS" start="2026-02-27T09:26:00.613669" elapsed="3.002598"/>
</kw>
<status status="PASS" start="2026-02-27T09:25:54.700713" elapsed="8.916596"/>
</kw>
<kw name="Click Element" owner="SeleniumLibrary">
<msg time="2026-02-27T09:26:03.620706" level="INFO">Clicking element 'class:product_sort_container'.</msg>
<arg>class:product_sort_container</arg>
<doc>Click the element identified by ``locator``.</doc>
<status status="PASS" start="2026-02-27T09:26:03.619252" elapsed="0.096111"/>
</kw>
<kw name="Click Element" owner="SeleniumLibrary">
<msg time="2026-02-27T09:26:03.716961" level="INFO">Clicking element '//*[@id="header_container"]/div[2]/div/span/select/option[4]'.</msg>
<arg>//*[@id="header_container"]/div[2]/div/span/select/option[4]</arg>
<doc>Click the element identified by ``locator``.</doc>
<status status="PASS" start="2026-02-27T09:26:03.716179" elapsed="0.066737"/>
</kw>
<kw name="Get All Products Names">
<kw name="Create List" owner="BuiltIn">
<msg time="2026-02-27T09:26:03.784271" level="INFO">${products} = []</msg>
<var>${products}</var>
<doc>Returns a list containing given items.</doc>
<status status="PASS" start="2026-02-27T09:26:03.783978" elapsed="0.000415"/>
</kw>
<kw name="Get WebElements" owner="SeleniumLibrary">
<msg time="2026-02-27T09:26:03.786855" level="INFO">${product_elements} = [&lt;selenium.webdriver.remote.webelement.WebElement (session="1002529e-bcc5-4100-a3ab-5ea0f40ebd1f", element="32cc4dfb-41af-4dfb-80d5-533c5ed8bb47")&gt;, &lt;selenium.webdriver.remote.webelement.WebElement (s...</msg>
<var>${product_elements}</var>
<arg>class:inventory_item_name</arg>
<doc>Returns a list of WebElement objects matching the ``locator``.</doc>
<status status="PASS" start="2026-02-27T09:26:03.784520" elapsed="0.002463"/>
</kw>
<for flavor="IN">
<iter>
<kw name="Get Text" owner="SeleniumLibrary">
<msg time="2026-02-27T09:26:03.792505" level="INFO">${product_name} = Sauce Labs Fleece Jacket</msg>
<var>${product_name}</var>
<arg>${element}</arg>
<doc>Returns the text value of the element identified by ``locator``.</doc>
<status status="PASS" start="2026-02-27T09:26:03.787573" elapsed="0.005045"/>
</kw>
<kw name="Append To List" owner="Collections">
<arg>${products}</arg>
<arg>${product_name}</arg>
<doc>Adds ``values`` to the end of ``list``.</doc>
<status status="PASS" start="2026-02-27T09:26:03.792747" elapsed="0.000299"/>
</kw>
<var name="${element}">&lt;selenium.webdriver.remote.webelement.WebElement (session="1002529e-bcc5-4100-a3ab-5ea0f40ebd1f", element="32cc4dfb-41af-4dfb-80d5-533c5ed8bb47")&gt;</var>
<status status="PASS" start="2026-02-27T09:26:03.787412" elapsed="0.005700"/>
</iter>
<iter>
<kw name="Get Text" owner="SeleniumLibrary">
<msg time="2026-02-27T09:26:03.797678" level="INFO">${product_name} = Sauce Labs Backpack</msg>
<var>${product_name}</var>
<arg>${element}</arg>
<doc>Returns the text value of the element identified by ``locator``.</doc>
<status status="PASS" start="2026-02-27T09:26:03.793346" elapsed="0.004475"/>
</kw>
<kw name="Append To List" owner="Collections">
<arg>${products}</arg>
<arg>${product_name}</arg>
<doc>Adds ``values`` to the end of ``list``.</doc>
<status status="PASS" start="2026-02-27T09:26:03.797980" elapsed="0.000354"/>
</kw>
<var name="${element}">&lt;selenium.webdriver.remote.webelement.WebElement (session="1002529e-bcc5-4100-a3ab-5ea0f40ebd1f", element="5450f5fa-d5cc-47fb-bc5c-438c87b0b908")&gt;</var>
<status status="PASS" start="2026-02-27T09:26:03.793216" elapsed="0.005211"/>
</iter>
<iter>
<kw name="Get Text" owner="SeleniumLibrary">
<msg time="2026-02-27T09:26:03.802816" level="INFO">${product_name} = Sauce Labs Bolt T-Shirt</msg>
<var>${product_name}</var>
<arg>${element}</arg>
<doc>Returns the text value of the element identified by ``locator``.</doc>
<status status="PASS" start="2026-02-27T09:26:03.798684" elapsed="0.004255"/>
</kw>
<kw name="Append To List" owner="Collections">
<arg>${products}</arg>
<arg>${product_name}</arg>
<doc>Adds ``values`` to the end of ``list``.</doc>
<status status="PASS" start="2026-02-27T09:26:03.803083" elapsed="0.000307"/>
</kw>
<var name="${element}">&lt;selenium.webdriver.remote.webelement.WebElement (session="1002529e-bcc5-4100-a3ab-5ea0f40ebd1f", element="e7b007d3-3198-4051-952f-bf703a57faa3")&gt;</var>
<status status="PASS" start="2026-02-27T09:26:03.798534" elapsed="0.004919"/>
</iter>
<iter>
<kw name="Get Text" owner="SeleniumLibrary">
<msg time="2026-02-27T09:26:03.807508" level="INFO">${product_name} = Test.allTheThings() T-Shirt (Red)</msg>
<var>${product_name}</var>
<arg>${element}</arg>
<doc>Returns the text value of the element identified by ``locator``.</doc>
<status status="PASS" start="2026-02-27T09:26:03.803713" elapsed="0.003902"/>
</kw>
<kw name="Append To List" owner="Collections">
<arg>${products}</arg>
<arg>${product_name}</arg>
<doc>Adds ``values`` to the end of ``list``.</doc>
<status status="PASS" start="2026-02-27T09:26:03.807742" elapsed="0.000264"/>
</kw>
<var name="${element}">&lt;selenium.webdriver.remote.webelement.WebElement (session="1002529e-bcc5-4100-a3ab-5ea0f40ebd1f", element="1132e518-e1f2-446a-9a0a-25cd4db0b68d")&gt;</var>
<status status="PASS" start="2026-02-27T09:26:03.803547" elapsed="0.004522"/>
</iter>
<iter>
<kw name="Get Text" owner="SeleniumLibrary">
<msg time="2026-02-27T09:26:03.812073" level="INFO">${product_name} = Sauce Labs Bike Light</msg>
<var>${product_name}</var>
<arg>${element}</arg>
<doc>Returns the text value of the element identified by ``locator``.</doc>
<status status="PASS" start="2026-02-27T09:26:03.808281" elapsed="0.003901"/>
</kw>
<kw name="Append To List" owner="Collections">
<arg>${products}</arg>
<arg>${product_name}</arg>
<doc>Adds ``values`` to the end of ``list``.</doc>
<status status="PASS" start="2026-02-27T09:26:03.812308" elapsed="0.000370"/>
</kw>
<var name="${element}">&lt;selenium.webdriver.remote.webelement.WebElement (session="1002529e-bcc5-4100-a3ab-5ea0f40ebd1f", element="b2277e9b-57d3-43eb-b6cd-6f37cf6ce573")&gt;</var>
<status status="PASS" start="2026-02-27T09:26:03.808164" elapsed="0.004588"/>
</iter>
<iter>
<kw name="Get Text" owner="SeleniumLibrary">
<msg time="2026-02-27T09:26:03.818994" level="INFO">${product_name} = Sauce Labs Onesie</msg>
<var>${product_name}</var>
<arg>${element}</arg>
<doc>Returns the text value of the element identified by ``locator``.</doc>
<status status="PASS" start="2026-02-27T09:26:03.813050" elapsed="0.006083"/>
</kw>
<kw name="Append To List" owner="Collections">
<arg>${products}</arg>
<arg>${product_name}</arg>
<doc>Adds ``values`` to the end of ``list``.</doc>
<status status="PASS" start="2026-02-27T09:26:03.819295" elapsed="0.000340"/>
</kw>
<var name="${element}">&lt;selenium.webdriver.remote.webelement.WebElement (session="1002529e-bcc5-4100-a3ab-5ea0f40ebd1f", element="085ce576-5599-4197-a76e-451ea0089c1e")&gt;</var>
<status status="PASS" start="2026-02-27T09:26:03.812854" elapsed="0.006852"/>
</iter>
<var>${element}</var>
<value>@{product_elements}</value>
<status status="PASS" start="2026-02-27T09:26:03.787102" elapsed="0.032655"/>
</for>
<return>
<value>@{products}</value>
<status status="PASS" start="2026-02-27T09:26:03.819827" elapsed="0.000107"/>
</return>
<msg time="2026-02-27T09:26:03.820060" level="INFO">${product_names} = ['Sauce Labs Fleece Jacket', 'Sauce Labs Backpack', 'Sauce Labs Bolt T-Shirt', 'Test.allTheThings() T-Shirt (Red)', 'Sauce Labs Bike Light', 'Sauce Labs Onesie']</msg>
<var>${product_names}</var>
<status status="PASS" start="2026-02-27T09:26:03.783636" elapsed="0.036515"/>
</kw>
<kw name="Verify Z to A Sorting">
<kw name="Get Length" owner="BuiltIn">
<msg time="2026-02-27T09:26:03.820996" level="INFO">Length is 1.</msg>
<msg time="2026-02-27T09:26:03.821157" level="INFO">${length} = 1</msg>
<var>${length}</var>
<arg>${product_names}</arg>
<doc>Returns and logs the length of the given item as an integer.</doc>
<status status="PASS" start="2026-02-27T09:26:03.820670" elapsed="0.000555"/>
</kw>
<for flavor="IN RANGE">
<iter>
<kw name="Get From List" owner="Collections">
<var>${current}</var>
<arg>${product_names}</arg>
<arg>${index}</arg>
<doc>Returns the value specified with an ``index`` from ``list``.</doc>
<status status="NOT RUN" start="2026-02-27T09:26:03.821636" elapsed="0.000138"/>
</kw>
<kw name="Get From List" owner="Collections">
<var>${next}</var>
<arg>${product_names}</arg>
<arg>${index + 1}</arg>
<doc>Returns the value specified with an ``index`` from ``list``.</doc>
<status status="NOT RUN" start="2026-02-27T09:26:03.821873" elapsed="0.000076"/>
</kw>
<kw name="Should Be True" owner="BuiltIn">
<arg>'${current}' &gt;= '${next}'</arg>
<arg>Sorting is not Z to A at index ${index}</arg>
<doc>Fails if the given condition is not true.</doc>
<status status="NOT RUN" start="2026-02-27T09:26:03.822036" elapsed="0.000067"/>
</kw>
<var name="${index}"/>
<status status="NOT RUN" start="2026-02-27T09:26:03.821518" elapsed="0.000636"/>
</iter>
<var>${index}</var>
<value>0</value>
<value>${length}-1</value>
<status status="NOT RUN" start="2026-02-27T09:26:03.821314" elapsed="0.000880"/>
</for>
<arg>${product_names}</arg>
<status status="PASS" start="2026-02-27T09:26:03.820414" elapsed="0.001847"/>
</kw>
<status status="PASS" start="2026-02-27T09:25:54.698510" elapsed="9.123911"/>
</test>
<status status="PASS" start="2026-02-27T09:25:54.570754" elapsed="9.254267"/>
</suite>
<status status="PASS" start="2026-02-27T09:25:54.544676" elapsed="9.282205"/>
</suite>
<statistics>
<total>
<stat pass="1" fail="0" skip="0">All Tests</stat>
</total>
<tag>
</tag>
<suite>
<stat name="SAUCEDEMO feladatok" id="s1" pass="1" fail="0" skip="0">SAUCEDEMO feladatok</stat>
<stat name="Sorting" id="s1-s1" pass="1" fail="0" skip="0">SAUCEDEMO feladatok.Sorting</stat>
</suite>
</statistics>
<errors>
<msg time="2026-02-27T09:25:54.960084" level="WARN">Error sending stats to Plausible: error sending request for url (https://plausible.io/api/event)</msg>
</errors>
</robot>
